<?xml version="1.0" encoding="UTF-8"?>
<testng-results ignored="0" total="1" passed="1" failed="0" skipped="0">
  <reporter-output>
  </reporter-output>
  <suite started-at="2022-12-11T08:37:39Z" name="Default suite" finished-at="2022-12-11T08:38:05Z" duration-ms="25642">
    <groups>
    </groups>
    <test started-at="2022-12-11T08:37:39Z" name="Default test" finished-at="2022-12-11T08:38:05Z" duration-ms="25642">
      <class name="org.pravin.ExtentReports.ExtentReportDemo">
        <test-method is-config="true" signature="config()[pri:0, instance:org.pravin.ExtentReports.ExtentReportDemo@6c2ed0cd]" started-at="2022-12-11T08:37:39Z" name="config" finished-at="2022-12-11T08:37:39Z" duration-ms="243" status="PASS">
          <reporter-output>
          </reporter-output>
        </test-method> <!-- config -->
        <test-method signature="initialDemo()[pri:0, instance:org.pravin.ExtentReports.ExtentReportDemo@6c2ed0cd]" started-at="2022-12-11T08:37:39Z" name="initialDemo" finished-at="2022-12-11T08:38:05Z" duration-ms="25378" status="PASS">
          <reporter-output>
          </reporter-output>
        </test-method> <!-- initialDemo -->
      </class> <!-- org.pravin.ExtentReports.ExtentReportDemo -->
    </test> <!-- Default test -->
  </suite> <!-- Default suite -->
</testng-results>
